[debug] [2022-07-19T17:59:46.651Z] ----------------------------------------------------------------------
[debug] [2022-07-19T17:59:46.653Z] Command:       C:\Program Files\nodejs\node.exe C:\Users\samue\AppData\Roaming\npm\node_modules\firebase-tools\lib\bin\firebase.js init
[debug] [2022-07-19T17:59:46.653Z] CLI Version:   11.2.2
[debug] [2022-07-19T17:59:46.653Z] Platform:      win32
[debug] [2022-07-19T17:59:46.654Z] Node Version:  v16.14.2
[debug] [2022-07-19T17:59:46.654Z] Time:          Tue Jul 19 2022 12:59:46 GMT-0500 (Central Daylight Time)
[debug] [2022-07-19T17:59:46.654Z] ----------------------------------------------------------------------
[debug] 
[debug] [2022-07-19T17:59:46.657Z] >>> [apiv2][query] GET https://firebase-public.firebaseio.com/cli.json [none]
[debug] [2022-07-19T17:59:46.674Z] > command requires scopes: ["email","openid","https://www.googleapis.com/auth/cloudplatformprojects.readonly","https://www.googleapis.com/auth/firebase","https://www.googleapis.com/auth/cloud-platform"]
[debug] [2022-07-19T17:59:46.674Z] > authorizing via signed-in user (samuelliebert@gmail.com)
[info] 
     ######## #### ########  ######## ########     ###     ######  ########
     ##        ##  ##     ## ##       ##     ##  ##   ##  ##       ##
     ######    ##  ########  ######   ########  #########  ######  ######
     ##        ##  ##    ##  ##       ##     ## ##     ##       ## ##
     ##       #### ##     ## ######## ########  ##     ##  ######  ########

You're about to initialize a Firebase project in this directory:

  C:\Users\samue\OneDrive\Desktop\portfolio

[debug] [2022-07-19T17:59:46.925Z] <<< [apiv2][status] GET https://firebase-public.firebaseio.com/cli.json 200
[debug] [2022-07-19T17:59:46.925Z] <<< [apiv2][body] GET https://firebase-public.firebaseio.com/cli.json {"cloudBuildErrorAfter":1594252800000,"cloudBuildWarnAfter":1590019200000,"defaultNode10After":1594252800000,"minVersion":"3.0.5","node8DeploysDisabledAfter":1613390400000,"node8RuntimeDisabledAfter":1615809600000,"node8WarnAfter":1600128000000}
